<?xml version="1.0" encoding="UTF-8"?>
<!-- Generated by org.testng.reporters.JUnitReportReporter -->
<testsuite hostname="HARSHITA" failures="0" tests="1" name="chromeOptions.ChromeOptionsUse" time="0.012" errors="0" timestamp="27 Aug 2018 21:04:59 GMT">
  <testcase classname="chromeOptions.ChromeOptionsUse" name="ShowExtension" time="0.012"/>
</testsuite> <!-- chromeOptions.ChromeOptionsUse -->
